<?xml version="1.0" encoding="UTF-8"?>
<testng-results ignored="0" total="1" passed="1" failed="0" skipped="0">
  <reporter-output>
  </reporter-output>
  <suite started-at="2023-03-14T14:45:26 IST" name="Default suite" finished-at="2023-03-14T14:45:38 IST" duration-ms="11800">
    <groups>
    </groups>
    <test started-at="2023-03-14T14:45:26 IST" name="Default test" finished-at="2023-03-14T14:45:38 IST" duration-ms="11800">
      <class name="com.selenium.Demo_WebTable">
        <test-method signature="verifyTable()[pri:0, instance:com.selenium.Demo_WebTable@247d8ae]" started-at="2023-03-14T14:45:26 IST" name="verifyTable" finished-at="2023-03-14T14:45:38 IST" duration-ms="11754" status="PASS">
          <reporter-output>
          </reporter-output>
        </test-method> <!-- verifyTable -->
      </class> <!-- com.selenium.Demo_WebTable -->
    </test> <!-- Default test -->
  </suite> <!-- Default suite -->
</testng-results>
